2018-06-04T14:23:51.332Z - info:   [01656] *** FOLDER: c:\Users\kevin_000\Documents\DevWorkSpaces\archivews\archiveapi ***
2018-06-04T14:23:51.342Z - info:   [01656] VSTSVSCode/1.136.0 (VSCode 1.23.1; Windows_NT 10.0.16299; Node 7.9.0)
2018-06-04T14:23:51.350Z - debug:  [01656] Looking for an External Context at c:\Users\kevin_000\Documents\DevWorkSpaces\archivews\archiveapi
2018-06-04T14:23:51.350Z - debug:  [01656] No External Context at c:\Users\kevin_000\Documents\DevWorkSpaces\archivews\archiveapi
2018-06-04T14:23:51.445Z - debug:  [01656] Looking for TFVC repository at c:\Users\kevin_000\Documents\DevWorkSpaces\archivews\archiveapi
2018-06-04T14:23:51.448Z - debug:  [01656] TFVC Creating Tfvc object with localPath='undefined'
2018-06-04T14:23:51.454Z - debug:  [01656] Using TFS proxy: 
2018-06-04T14:23:51.454Z - debug:  [01656] TFVC Retrieved from settings; localPath='C:\Program Files (x86)\Microsoft Visual Studio 14.0\Common7\IDE\TF.exe'
2018-06-04T14:23:51.455Z - debug:  [01656] TFVC Repository created with repositoryRootFolder='c:\Users\kevin_000\Documents\DevWorkSpaces\archivews\archiveapi'
2018-06-04T14:23:51.461Z - debug:  [01656] TFVC Repository.CheckVersion
2018-06-04T14:23:51.469Z - debug:  [01656] TFVC: tf add -noprompt -?
2018-06-04T14:23:51.487Z - debug:  [01656] TFVC: spawned new process (duration: 15ms)
2018-06-04T14:23:51.499Z - debug:  [01656] TFVC: spawned new process (duration: 10ms)
2018-06-04T14:23:57.274Z - debug:  [01656] TFVC: add exit code: 0 (duration: 5803ms)
2018-06-04T14:23:57.277Z - debug:  [01656] TFVC Minimum required version: 14.102.0
2018-06-04T14:23:57.277Z - debug:  [01656] TFVC (TF.exe, TF.cmd) version: 14.102.25619.0
2018-06-04T14:23:57.279Z - debug:  [01656] TFVC Repository.FindWorkspace with localPath='c:\Users\kevin_000\Documents\DevWorkSpaces\archivews\archiveapi'
2018-06-04T14:23:57.280Z - debug:  [01656] TFVC: tf workfold -noprompt ********
2018-06-04T14:23:57.287Z - debug:  [01656] TFVC: spawned new process (duration: 6ms)
2018-06-04T14:24:00.811Z - debug:  [01656] TFVC: workfold exit code: 100 (duration: 3529ms)
2018-06-04T14:24:00.813Z - debug:  [01656] TFVC errors (via stderr): Unable to determine the source control server.

2018-06-04T14:24:00.820Z - error:  [01656] Could not find a workspace with mappings (e.g., not a TFVC repository, wrong version of TF is being used).
